[18:48:35] [main/INFO] (FabricLoader/GameProvider) Loading Minecraft 1.20.1 with Fabric Loader 0.19.2
[18:48:35] [main/DEBUG] (FabricLoader/GamePatch) Found game constructor: net.minecraft.client.main.Main -> net.minecraft.client.Minecraft
[18:48:35] [main/DEBUG] (FabricLoader/GamePatch) Patching game constructor <init>(Lnet/minecraft/client/main/GameConfig;)V
[18:48:35] [main/DEBUG] (FabricLoader/GamePatch) Run directory field is thought to be net/minecraft/client/Minecraft/gameDirectory
[18:48:35] [main/DEBUG] (FabricLoader/GamePatch) Applying brand name hook to net/minecraft/client/ClientBrandRetriever::getClientModName
[18:48:35] [main/DEBUG] (FabricLoader/GamePatch) Applying brand name hook to net/minecraft/server/MinecraftServer::getServerModName
[18:48:35] [main/DEBUG] (FabricLoader/GamePatch) Patched 3 classs
[18:48:35] [main/DEBUG] (FabricLoader/Discovery) Mod discovery time: 10.0 ms
[18:48:35] [main/DEBUG] (FabricLoader/Resolution) Mod resolution time: 19.4 ms
[18:48:35] [main/INFO] (FabricLoader) Loading 59 mods:
	- colorful_armor_bar 0.1.0
	- fabric-api 0.92.9+1.20.1
	- fabric-api-base 0.4.32+1802ada577
	- fabric-api-lookup-api-v1 1.6.37+1802ada577
	- fabric-biome-api-v1 13.0.15+93aa238b77
	- fabric-block-api-v1 1.0.12+1802ada577
	- fabric-block-view-api-v2 1.0.3+924f046a77
	- fabric-blockrenderlayer-v1 1.1.42+1802ada577
	- fabric-client-tags-api-v1 1.1.3+1802ada577
	- fabric-command-api-v1 1.2.35+f71b366f77
	- fabric-command-api-v2 2.2.14+1802ada577
	- fabric-commands-v0 0.2.52+df3654b377
	- fabric-containers-v0 0.1.68+df3654b377
	- fabric-content-registries-v0 4.0.13+1802ada577
	- fabric-convention-tags-v1 1.5.6+1802ada577
	- fabric-crash-report-info-v1 0.2.20+1802ada577
	- fabric-data-attachment-api-v1 1.0.2+de0fd6d177
	- fabric-data-generation-api-v1 12.3.9+1802ada577
	- fabric-dimensions-v1 2.1.55+1802ada577
	- fabric-entity-events-v1 1.6.1+1c78457f77
	- fabric-events-interaction-v0 0.6.6+13a40c6677
	- fabric-events-lifecycle-v0 0.2.64+df3654b377
	- fabric-game-rule-api-v1 1.0.41+1802ada577
	- fabric-gametest-api-v1 1.2.15+1802ada577
	- fabric-item-api-v1 2.1.29+1802ada577
	- fabric-item-group-api-v1 4.0.14+1802ada577
	- fabric-key-binding-api-v1 1.0.38+1802ada577
	- fabric-keybindings-v0 0.2.36+df3654b377
	- fabric-lifecycle-events-v1 2.2.23+1802ada577
	- fabric-loot-api-v2 1.2.3+1802ada577
	- fabric-loot-tables-v1 1.1.47+9e7660c677
	- fabric-message-api-v1 5.1.10+1802ada577
	- fabric-mining-level-api-v1 2.1.52+1802ada577
	- fabric-model-loading-api-v1 1.0.4+1802ada577
	- fabric-models-v0 0.4.3+9386d8a777
	- fabric-networking-api-v1 1.3.15+0caff8d077
	- fabric-networking-v0 0.3.55+df3654b377
	- fabric-object-builder-api-v1 11.1.5+e35120df77
	- fabric-particles-v1 1.1.3+1802ada577
	- fabric-recipe-api-v1 1.0.25+1802ada577
	- fabric-registry-sync-v0 2.4.1+4c0a70e677
	- fabric-renderer-api-v1 3.2.2+1802ada577
	- fabric-renderer-indigo 1.5.3+85287f9f77
	- fabric-renderer-registries-v1 3.2.47+df3654b377
	- fabric-rendering-data-attachment-v1 0.3.39+92a0d36777
	- fabric-rendering-fluids-v1 3.0.29+1802ada577
	- fabric-rendering-v0 1.1.50+df3654b377
	- fabric-rendering-v1 3.0.9+1802ada577
	- fabric-resource-conditions-api-v1 2.3.9+1802ada577
	- fabric-resource-loader-v0 0.11.12+fb82e9d777
	- fabric-screen-api-v1 2.0.9+1802ada577
	- fabric-screen-handler-api-v1 1.3.34+1802ada577
	- fabric-sound-api-v1 1.0.14+1802ada577
	- fabric-transfer-api-v1 3.3.6+8dd72ea377
	- fabric-transitive-access-wideners-v1 4.3.2+1802ada577
	- fabricloader 0.19.2
	- java 17
	- minecraft 1.20.1
	- mixinextras 0.5.4
[18:48:35] [main/DEBUG] (FabricLoader/Knot) Adding /home/salad/Documents/GitHub/Syrup-Studios/colorful_armor_bar/.gradle/loom-cache/remapped_mods/remapped/net/fabricmc/fabric-api/fabric-key-binding-api-v1-c2d2b86c/1.0.38+1802ada577/fabric-key-binding-api-v1-c2d2b86c-1.0.38+1802ada577.jar to classpath.
[18:48:35] [main/DEBUG] (FabricLoader/Knot) Adding /home/salad/Documents/GitHub/Syrup-Studios/colorful_armor_bar/.gradle/loom-cache/remapped_mods/remapped/net/fabricmc/fabric-api/fabric-command-api-v2-c2d2b86c/2.2.14+1802ada577/fabric-command-api-v2-c2d2b86c-2.2.14+1802ada577.jar to classpath.
[18:48:35] [main/DEBUG] (FabricLoader/Knot) Adding /home/salad/Documents/GitHub/Syrup-Studios/colorful_armor_bar/.gradle/loom-cache/remapped_mods/remapped/net/fabricmc/fabric-api/fabric-blockrenderlayer-v1-c2d2b86c/1.1.42+1802ada577/fabric-blockrenderlayer-v1-c2d2b86c-1.1.42+1802ada577.jar to classpath.
[18:48:35] [main/DEBUG] (FabricLoader/Knot) Adding /home/salad/Documents/GitHub/Syrup-Studios/colorful_armor_bar/.gradle/loom-cache/remapped_mods/remapped/net/fabricmc/fabric-api/fabric-containers-v0-c2d2b86c/0.1.68+df3654b377/fabric-containers-v0-c2d2b86c-0.1.68+df3654b377.jar to classpath.
[18:48:35] [main/DEBUG] (FabricLoader/Knot) Adding /home/salad/Documents/GitHub/Syrup-Studios/colorful_armor_bar/.gradle/loom-cache/remapped_mods/remapped/net/fabricmc/fabric-api/fabric-gametest-api-v1-c2d2b86c/1.2.15+1802ada577/fabric-gametest-api-v1-c2d2b86c-1.2.15+1802ada577.jar to classpath.
[18:48:35] [main/DEBUG] (FabricLoader/Knot) Adding /home/salad/Documents/GitHub/Syrup-Studios/colorful_armor_bar/.gradle/loom-cache/remapped_mods/remapped/net/fabricmc/fabric-api/fabric-rendering-data-attachment-v1-c2d2b86c/0.3.39+92a0d36777/fabric-rendering-data-attachment-v1-c2d2b86c-0.3.39+92a0d36777.jar to classpath.
[18:48:35] [main/DEBUG] (FabricLoader/Knot) Adding /home/salad/Documents/GitHub/Syrup-Studios/colorful_armor_bar/.gradle/loom-cache/remapped_mods/remapped/net/fabricmc/fabric-api/fabric-rendering-fluids-v1-c2d2b86c/3.0.29+1802ada577/fabric-rendering-fluids-v1-c2d2b86c-3.0.29+1802ada577.jar to classpath.
[18:48:35] [main/DEBUG] (FabricLoader/Knot) Adding /home/salad/.gradle/caches/modules-2/files-2.1/io.github.llamalad7/mixinextras-fabric/0.5.4/5e167154bcb9942111313a5e186e16cd7265f858/mixinextras-fabric-0.5.4.jar to classpath.
[18:48:35] [main/DEBUG] (FabricLoader/Knot) Adding /home/salad/Documents/GitHub/Syrup-Studios/colorful_armor_bar/.gradle/loom-cache/remapped_mods/remapped/net/fabricmc/fabric-api/fabric-transitive-access-wideners-v1-c2d2b86c/4.3.2+1802ada577/fabric-transitive-access-wideners-v1-c2d2b86c-4.3.2+1802ada577.jar to classpath.
[18:48:35] [main/DEBUG] (FabricLoader/Knot) Adding /home/salad/Documents/GitHub/Syrup-Studios/colorful_armor_bar/versions/1.20.1-fabric/build/resources/main to classpath.
[18:48:35] [main/DEBUG] (FabricLoader/Knot) Adding /home/salad/Documents/GitHub/Syrup-Studios/colorful_armor_bar/.gradle/loom-cache/remapped_mods/remapped/net/fabricmc/fabric-api/fabric-data-attachment-api-v1-c2d2b86c/1.0.2+de0fd6d177/fabric-data-attachment-api-v1-c2d2b86c-1.0.2+de0fd6d177.jar to classpath.
[18:48:35] [main/DEBUG] (FabricLoader/Knot) Adding /home/salad/Documents/GitHub/Syrup-Studios/colorful_armor_bar/.gradle/loom-cache/remapped_mods/remapped/net/fabricmc/fabric-api/fabric-object-builder-api-v1-c2d2b86c/11.1.5+e35120df77/fabric-object-builder-api-v1-c2d2b86c-11.1.5+e35120df77.jar to classpath.
[18:48:35] [main/DEBUG] (FabricLoader/Knot) Adding /home/salad/Documents/GitHub/Syrup-Studios/colorful_armor_bar/.gradle/loom-cache/remapped_mods/remapped/net/fabricmc/fabric-api/fabric-mining-level-api-v1-c2d2b86c/2.1.52+1802ada577/fabric-mining-level-api-v1-c2d2b86c-2.1.52+1802ada577.jar to classpath.
[18:48:35] [main/DEBUG] (FabricLoader/Knot) Adding /home/salad/Documents/GitHub/Syrup-Studios/colorful_armor_bar/.gradle/loom-cache/remapped_mods/remapped/net/fabricmc/fabric-api/fabric-resource-conditions-api-v1-c2d2b86c/2.3.9+1802ada577/fabric-resource-conditions-api-v1-c2d2b86c-2.3.9+1802ada577.jar to classpath.
[18:48:35] [main/DEBUG] (FabricLoader/Knot) Adding /home/salad/Documents/GitHub/Syrup-Studios/colorful_armor_bar/.gradle/loom-cache/remapped_mods/remapped/net/fabricmc/fabric-api/fabric-message-api-v1-c2d2b86c/5.1.10+1802ada577/fabric-message-api-v1-c2d2b86c-5.1.10+1802ada577.jar to classpath.
[18:48:35] [main/DEBUG] (FabricLoader/Knot) Adding /home/salad/Documents/GitHub/Syrup-Studios/colorful_armor_bar/.gradle/loom-cache/remapped_mods/remapped/net/fabricmc/fabric-api/fabric-item-api-v1-c2d2b86c/2.1.29+1802ada577/fabric-item-api-v1-c2d2b86c-2.1.29+1802ada577.jar to classpath.
[18:48:35] [main/DEBUG] (FabricLoader/Knot) Adding /home/salad/Documents/GitHub/Syrup-Studios/colorful_armor_bar/.gradle/loom-cache/remapped_mods/remapped/net/fabricmc/fabric-api/fabric-screen-api-v1-c2d2b86c/2.0.9+1802ada577/fabric-screen-api-v1-c2d2b86c-2.0.9+1802ada577.jar to classpath.
[18:48:35] [main/DEBUG] (FabricLoader/Knot) Adding /home/salad/Documents/GitHub/Syrup-Studios/colorful_armor_bar/.gradle/loom-cache/remapped_mods/remapped/net/fabricmc/fabric-api/fabric-renderer-indigo-c2d2b86c/1.5.3+85287f9f77/fabric-renderer-indigo-c2d2b86c-1.5.3+85287f9f77.jar to classpath.
[18:48:35] [main/DEBUG] (FabricLoader/Knot) Adding /home/salad/Documents/GitHub/Syrup-Studios/colorful_armor_bar/.gradle/loom-cache/remapped_mods/remapped/net/fabricmc/fabric-api/fabric-recipe-api-v1-c2d2b86c/1.0.25+1802ada577/fabric-recipe-api-v1-c2d2b86c-1.0.25+1802ada577.jar to classpath.
[18:48:35] [main/DEBUG] (FabricLoader/Knot) Adding /home/salad/Documents/GitHub/Syrup-Studios/colorful_armor_bar/.gradle/loom-cache/remapped_mods/remapped/net/fabricmc/fabric-api/fabric-data-generation-api-v1-c2d2b86c/12.3.9+1802ada577/fabric-data-generation-api-v1-c2d2b86c-12.3.9+1802ada577.jar to classpath.
[18:48:35] [main/DEBUG] (FabricLoader/Knot) Adding /home/salad/Documents/GitHub/Syrup-Studios/colorful_armor_bar/.gradle/loom-cache/remapped_mods/remapped/net/fabricmc/fabric-api/fabric-models-v0-c2d2b86c/0.4.3+9386d8a777/fabric-models-v0-c2d2b86c-0.4.3+9386d8a777.jar to classpath.
[18:48:35] [main/DEBUG] (FabricLoader/Knot) Adding /home/salad/Documents/GitHub/Syrup-Studios/colorful_armor_bar/.gradle/loom-cache/remapped_mods/remapped/net/fabricmc/fabric-api/fabric-sound-api-v1-c2d2b86c/1.0.14+1802ada577/fabric-sound-api-v1-c2d2b86c-1.0.14+1802ada577.jar to classpath.
[18:48:35] [main/DEBUG] (FabricLoader/Knot) Adding /home/salad/Documents/GitHub/Syrup-Studios/colorful_armor_bar/.gradle/loom-cache/remapped_mods/remapped/net/fabricmc/fabric-api/fabric-networking-v0-c2d2b86c/0.3.55+df3654b377/fabric-networking-v0-c2d2b86c-0.3.55+df3654b377.jar to classpath.
[18:48:35] [main/DEBUG] (FabricLoader/Knot) Adding /home/salad/Documents/GitHub/Syrup-Studios/colorful_armor_bar/.gradle/loom-cache/remapped_mods/remapped/net/fabricmc/fabric-api/fabric-networking-api-v1-c2d2b86c/1.3.15+0caff8d077/fabric-networking-api-v1-c2d2b86c-1.3.15+0caff8d077.jar to classpath.
[18:48:35] [main/DEBUG] (FabricLoader/Knot) Adding /home/salad/Documents/GitHub/Syrup-Studios/colorful_armor_bar/.gradle/loom-cache/remapped_mods/remapped/net/fabricmc/fabric-api/fabric-loot-tables-v1-c2d2b86c/1.1.47+9e7660c677/fabric-loot-tables-v1-c2d2b86c-1.1.47+9e7660c677.jar to classpath.
[18:48:35] [main/DEBUG] (FabricLoader/Knot) Adding /home/salad/Documents/GitHub/Syrup-Studios/colorful_armor_bar/.gradle/loom-cache/remapped_mods/remapped/net/fabricmc/fabric-api/fabric-command-api-v1-c2d2b86c/1.2.35+f71b366f77/fabric-command-api-v1-c2d2b86c-1.2.35+f71b366f77.jar to classpath.
[18:48:35] [main/DEBUG] (FabricLoader/Knot) Adding /home/salad/Documents/GitHub/Syrup-Studios/colorful_armor_bar/.gradle/loom-cache/remapped_mods/remapped/net/fabricmc/fabric-api/fabric-transfer-api-v1-c2d2b86c/3.3.6+8dd72ea377/fabric-transfer-api-v1-c2d2b86c-3.3.6+8dd72ea377.jar to classpath.
[18:48:35] [main/DEBUG] (FabricLoader/Knot) Adding /home/salad/Documents/GitHub/Syrup-Studios/colorful_armor_bar/.gradle/loom-cache/remapped_mods/remapped/net/fabricmc/fabric-api/fabric-convention-tags-v1-c2d2b86c/1.5.6+1802ada577/fabric-convention-tags-v1-c2d2b86c-1.5.6+1802ada577.jar to classpath.
[18:48:35] [main/DEBUG] (FabricLoader/Knot) Adding /home/salad/Documents/GitHub/Syrup-Studios/colorful_armor_bar/.gradle/loom-cache/remapped_mods/remapped/net/fabricmc/fabric-api/fabric-keybindings-v0-c2d2b86c/0.2.36+df3654b377/fabric-keybindings-v0-c2d2b86c-0.2.36+df3654b377.jar to classpath.
[18:48:35] [main/DEBUG] (FabricLoader/Knot) Adding /home/salad/Documents/GitHub/Syrup-Studios/colorful_armor_bar/.gradle/loom-cache/remapped_mods/remapped/net/fabricmc/fabric-api/fabric-entity-events-v1-c2d2b86c/1.6.1+1c78457f77/fabric-entity-events-v1-c2d2b86c-1.6.1+1c78457f77.jar to classpath.
[18:48:35] [main/DEBUG] (FabricLoader/Knot) Adding /home/salad/Documents/GitHub/Syrup-Studios/colorful_armor_bar/.gradle/loom-cache/remapped_mods/remapped/net/fabricmc/fabric-api/fabric-item-group-api-v1-c2d2b86c/4.0.14+1802ada577/fabric-item-group-api-v1-c2d2b86c-4.0.14+1802ada577.jar to classpath.
[18:48:35] [main/DEBUG] (FabricLoader/Knot) Adding /home/salad/Documents/GitHub/Syrup-Studios/colorful_armor_bar/.gradle/loom-cache/remapped_mods/remapped/net/fabricmc/fabric-api/fabric-api-c2d2b86c/0.92.9+1.20.1/fabric-api-c2d2b86c-0.92.9+1.20.1.jar to classpath.
[18:48:35] [main/DEBUG] (FabricLoader/Knot) Adding /home/salad/Documents/GitHub/Syrup-Studios/colorful_armor_bar/.gradle/loom-cache/remapped_mods/remapped/net/fabricmc/fabric-api/fabric-loot-api-v2-c2d2b86c/1.2.3+1802ada577/fabric-loot-api-v2-c2d2b86c-1.2.3+1802ada577.jar to classpath.
[18:48:35] [main/DEBUG] (FabricLoader/Knot) Adding /home/salad/Documents/GitHub/Syrup-Studios/colorful_armor_bar/.gradle/loom-cache/remapped_mods/remapped/net/fabricmc/fabric-api/fabric-content-registries-v0-c2d2b86c/4.0.13+1802ada577/fabric-content-registries-v0-c2d2b86c-4.0.13+1802ada577.jar to classpath.
[18:48:35] [main/DEBUG] (FabricLoader/Knot) Adding /home/salad/Documents/GitHub/Syrup-Studios/colorful_armor_bar/.gradle/loom-cache/remapped_mods/remapped/net/fabricmc/fabric-api/fabric-rendering-v1-c2d2b86c/3.0.9+1802ada577/fabric-rendering-v1-c2d2b86c-3.0.9+1802ada577.jar to classpath.
[18:48:35] [main/DEBUG] (FabricLoader/Knot) Adding /home/salad/Documents/GitHub/Syrup-Studios/colorful_armor_bar/.gradle/loom-cache/remapped_mods/remapped/net/fabricmc/fabric-api/fabric-block-view-api-v2-c2d2b86c/1.0.3+924f046a77/fabric-block-view-api-v2-c2d2b86c-1.0.3+924f046a77.jar to classpath.
[18:48:35] [main/DEBUG] (FabricLoader/Knot) Adding /home/salad/Documents/GitHub/Syrup-Studios/colorful_armor_bar/.gradle/loom-cache/remapped_mods/remapped/net/fabricmc/fabric-api/fabric-renderer-registries-v1-c2d2b86c/3.2.47+df3654b377/fabric-renderer-registries-v1-c2d2b86c-3.2.47+df3654b377.jar to classpath.
[18:48:35] [main/DEBUG] (FabricLoader/Knot) Adding /home/salad/Documents/GitHub/Syrup-Studios/colorful_armor_bar/.gradle/loom-cache/remapped_mods/remapped/net/fabricmc/fabric-api/fabric-particles-v1-c2d2b86c/1.1.3+1802ada577/fabric-particles-v1-c2d2b86c-1.1.3+1802ada577.jar to classpath.
[18:48:35] [main/DEBUG] (FabricLoader/Knot) Adding /home/salad/Documents/GitHub/Syrup-Studios/colorful_armor_bar/.gradle/loom-cache/remapped_mods/remapped/net/fabricmc/fabric-api/fabric-block-api-v1-c2d2b86c/1.0.12+1802ada577/fabric-block-api-v1-c2d2b86c-1.0.12+1802ada577.jar to classpath.
[18:48:35] [main/DEBUG] (FabricLoader/Knot) Adding /home/salad/Documents/GitHub/Syrup-Studios/colorful_armor_bar/.gradle/loom-cache/remapped_mods/remapped/net/fabricmc/fabric-api/fabric-model-loading-api-v1-c2d2b86c/1.0.4+1802ada577/fabric-model-loading-api-v1-c2d2b86c-1.0.4+1802ada577.jar to classpath.
[18:48:35] [main/DEBUG] (FabricLoader/Knot) Adding /home/salad/Documents/GitHub/Syrup-Studios/colorful_armor_bar/.gradle/loom-cache/remapped_mods/remapped/net/fabricmc/fabric-api/fabric-api-base-c2d2b86c/0.4.32+1802ada577/fabric-api-base-c2d2b86c-0.4.32+1802ada577.jar to classpath.
[18:48:35] [main/DEBUG] (FabricLoader/Knot) Adding /home/salad/Documents/GitHub/Syrup-Studios/colorful_armor_bar/.gradle/loom-cache/remapped_mods/remapped/net/fabricmc/fabric-api/fabric-crash-report-info-v1-c2d2b86c/0.2.20+1802ada577/fabric-crash-report-info-v1-c2d2b86c-0.2.20+1802ada577.jar to classpath.
[18:48:35] [main/DEBUG] (FabricLoader/Knot) Adding /home/salad/Documents/GitHub/Syrup-Studios/colorful_armor_bar/.gradle/loom-cache/remapped_mods/remapped/net/fabricmc/fabric-api/fabric-renderer-api-v1-c2d2b86c/3.2.2+1802ada577/fabric-renderer-api-v1-c2d2b86c-3.2.2+1802ada577.jar to classpath.
[18:48:35] [main/DEBUG] (FabricLoader/Knot) Adding /home/salad/Documents/GitHub/Syrup-Studios/colorful_armor_bar/.gradle/loom-cache/remapped_mods/remapped/net/fabricmc/fabric-api/fabric-registry-sync-v0-c2d2b86c/2.4.1+4c0a70e677/fabric-registry-sync-v0-c2d2b86c-2.4.1+4c0a70e677.jar to classpath.
[18:48:35] [main/DEBUG] (FabricLoader/Knot) Adding /home/salad/Documents/GitHub/Syrup-Studios/colorful_armor_bar/.gradle/loom-cache/remapped_mods/remapped/net/fabricmc/fabric-api/fabric-screen-handler-api-v1-c2d2b86c/1.3.34+1802ada577/fabric-screen-handler-api-v1-c2d2b86c-1.3.34+1802ada577.jar to classpath.
[18:48:35] [main/DEBUG] (FabricLoader/Knot) Adding /home/salad/Documents/GitHub/Syrup-Studios/colorful_armor_bar/.gradle/loom-cache/remapped_mods/remapped/net/fabricmc/fabric-api/fabric-api-lookup-api-v1-c2d2b86c/1.6.37+1802ada577/fabric-api-lookup-api-v1-c2d2b86c-1.6.37+1802ada577.jar to classpath.
[18:48:35] [main/DEBUG] (FabricLoader/Knot) Adding /home/salad/Documents/GitHub/Syrup-Studios/colorful_armor_bar/.gradle/loom-cache/remapped_mods/remapped/net/fabricmc/fabric-api/fabric-lifecycle-events-v1-c2d2b86c/2.2.23+1802ada577/fabric-lifecycle-events-v1-c2d2b86c-2.2.23+1802ada577.jar to classpath.
[18:48:35] [main/DEBUG] (FabricLoader/Knot) Adding /home/salad/Documents/GitHub/Syrup-Studios/colorful_armor_bar/.gradle/loom-cache/remapped_mods/remapped/net/fabricmc/fabric-api/fabric-commands-v0-c2d2b86c/0.2.52+df3654b377/fabric-commands-v0-c2d2b86c-0.2.52+df3654b377.jar to classpath.
[18:48:35] [main/DEBUG] (FabricLoader/Knot) Adding /home/salad/Documents/GitHub/Syrup-Studios/colorful_armor_bar/.gradle/loom-cache/remapped_mods/remapped/net/fabricmc/fabric-api/fabric-client-tags-api-v1-c2d2b86c/1.1.3+1802ada577/fabric-client-tags-api-v1-c2d2b86c-1.1.3+1802ada577.jar to classpath.
[18:48:35] [main/DEBUG] (FabricLoader/Knot) Adding /home/salad/Documents/GitHub/Syrup-Studios/colorful_armor_bar/.gradle/loom-cache/remapped_mods/remapped/net/fabricmc/fabric-api/fabric-game-rule-api-v1-c2d2b86c/1.0.41+1802ada577/fabric-game-rule-api-v1-c2d2b86c-1.0.41+1802ada577.jar to classpath.
[18:48:35] [main/DEBUG] (FabricLoader/Knot) Adding /home/salad/Documents/GitHub/Syrup-Studios/colorful_armor_bar/.gradle/loom-cache/remapped_mods/remapped/net/fabricmc/fabric-api/fabric-dimensions-v1-c2d2b86c/2.1.55+1802ada577/fabric-dimensions-v1-c2d2b86c-2.1.55+1802ada577.jar to classpath.
[18:48:35] [main/DEBUG] (FabricLoader/Knot) Adding /home/salad/Documents/GitHub/Syrup-Studios/colorful_armor_bar/.gradle/loom-cache/remapped_mods/remapped/net/fabricmc/fabric-api/fabric-rendering-v0-c2d2b86c/1.1.50+df3654b377/fabric-rendering-v0-c2d2b86c-1.1.50+df3654b377.jar to classpath.
[18:48:35] [main/DEBUG] (FabricLoader/Knot) Adding /home/salad/Documents/GitHub/Syrup-Studios/colorful_armor_bar/.gradle/loom-cache/remapped_mods/remapped/net/fabricmc/fabric-api/fabric-biome-api-v1-c2d2b86c/13.0.15+93aa238b77/fabric-biome-api-v1-c2d2b86c-13.0.15+93aa238b77.jar to classpath.
[18:48:35] [main/DEBUG] (FabricLoader/Knot) Adding /home/salad/Documents/GitHub/Syrup-Studios/colorful_armor_bar/.gradle/loom-cache/remapped_mods/remapped/net/fabricmc/fabric-api/fabric-resource-loader-v0-c2d2b86c/0.11.12+fb82e9d777/fabric-resource-loader-v0-c2d2b86c-0.11.12+fb82e9d777.jar to classpath.
[18:48:35] [main/DEBUG] (FabricLoader/Knot) Adding /home/salad/Documents/GitHub/Syrup-Studios/colorful_armor_bar/.gradle/loom-cache/remapped_mods/remapped/net/fabricmc/fabric-api/fabric-events-lifecycle-v0-c2d2b86c/0.2.64+df3654b377/fabric-events-lifecycle-v0-c2d2b86c-0.2.64+df3654b377.jar to classpath.
[18:48:35] [main/DEBUG] (FabricLoader/Knot) Adding /home/salad/Documents/GitHub/Syrup-Studios/colorful_armor_bar/.gradle/loom-cache/remapped_mods/remapped/net/fabricmc/fabric-api/fabric-events-interaction-v0-c2d2b86c/0.6.6+13a40c6677/fabric-events-interaction-v0-c2d2b86c-0.6.6+13a40c6677.jar to classpath.
[18:48:35] [main/DEBUG] (FabricLoader/Entrypoint) Registering new-style initializer net.fabricmc.fabric.impl.client.container.ScreenProviderRegistryImpl::init for mod fabric-containers-v0 (key client)
[18:48:35] [main/DEBUG] (FabricLoader/Entrypoint) Registering new-style initializer net.fabricmc.fabric.impl.gametest.FabricGameTestModInitializer for mod fabric-gametest-api-v1 (key main)
[18:48:35] [main/DEBUG] (FabricLoader/Entrypoint) Registering new-style initializer net.syrupstudios.colorfularmorbar.client.ColorfulArmorBarClient for mod colorful_armor_bar (key client)
[18:48:35] [main/DEBUG] (FabricLoader/Entrypoint) Registering new-style initializer net.syrupstudios.colorfularmorbar.ColorfulArmorBar for mod colorful_armor_bar (key main)
[18:48:35] [main/DEBUG] (FabricLoader/Entrypoint) Registering new-style initializer net.fabricmc.fabric.impl.attachment.AttachmentEntrypoint for mod fabric-data-attachment-api-v1 (key main)
[18:48:35] [main/DEBUG] (FabricLoader/Entrypoint) Registering new-style initializer net.fabricmc.fabric.impl.client.indigo.Indigo for mod fabric-renderer-indigo (key client)
[18:48:35] [main/DEBUG] (FabricLoader/Entrypoint) Registering new-style initializer net.fabricmc.fabric.impl.recipe.ingredient.client.CustomIngredientSyncClient for mod fabric-recipe-api-v1 (key client)
[18:48:35] [main/DEBUG] (FabricLoader/Entrypoint) Registering new-style initializer net.fabricmc.fabric.impl.recipe.ingredient.CustomIngredientInit for mod fabric-recipe-api-v1 (key main)
[18:48:35] [main/DEBUG] (FabricLoader/Entrypoint) Registering new-style initializer net.fabricmc.fabric.impl.recipe.ingredient.CustomIngredientSync for mod fabric-recipe-api-v1 (key main)
[18:48:35] [main/DEBUG] (FabricLoader/Entrypoint) Registering new-style initializer net.fabricmc.fabric.impl.client.networking.v0.OldClientNetworkingHooks for mod fabric-networking-v0 (key client)
[18:48:35] [main/DEBUG] (FabricLoader/Entrypoint) Registering new-style initializer net.fabricmc.fabric.impl.networking.v0.OldNetworkingHooks for mod fabric-networking-v0 (key main)
[18:48:35] [main/DEBUG] (FabricLoader/Entrypoint) Registering new-style initializer net.fabricmc.fabric.impl.networking.client.ClientNetworkingImpl::clientInit for mod fabric-networking-api-v1 (key client)
[18:48:35] [main/DEBUG] (FabricLoader/Entrypoint) Registering new-style initializer net.fabricmc.fabric.impl.networking.NetworkingImpl::init for mod fabric-networking-api-v1 (key main)
[18:48:35] [main/DEBUG] (FabricLoader/Entrypoint) Registering new-style initializer net.fabricmc.fabric.impl.loot.table.LootTablesV1Init for mod fabric-loot-tables-v1 (key main)
[18:48:35] [main/DEBUG] (FabricLoader/Entrypoint) Registering new-style initializer net.fabricmc.fabric.impl.command.v1.LegacyHandler for mod fabric-command-api-v1 (key main)
[18:48:35] [main/DEBUG] (FabricLoader/Entrypoint) Registering new-style initializer net.fabricmc.fabric.impl.client.registry.sync.FabricRegistryClientInit for mod fabric-registry-sync-v0 (key client)
[18:48:35] [main/DEBUG] (FabricLoader/Entrypoint) Registering new-style initializer net.fabricmc.fabric.impl.registry.sync.FabricRegistryInit for mod fabric-registry-sync-v0 (key main)
[18:48:35] [main/DEBUG] (FabricLoader/Entrypoint) Registering new-style initializer net.fabricmc.fabric.impl.screenhandler.client.ClientNetworking for mod fabric-screen-handler-api-v1 (key client)
[18:48:35] [main/DEBUG] (FabricLoader/Entrypoint) Registering new-style initializer net.fabricmc.fabric.impl.lookup.ApiLookupImpl for mod fabric-api-lookup-api-v1 (key main)
[18:48:35] [main/DEBUG] (FabricLoader/Entrypoint) Registering new-style initializer net.fabricmc.fabric.impl.client.event.lifecycle.ClientLifecycleEventsImpl for mod fabric-lifecycle-events-v1 (key client)
[18:48:35] [main/DEBUG] (FabricLoader/Entrypoint) Registering new-style initializer net.fabricmc.fabric.impl.event.lifecycle.LifecycleEventsImpl for mod fabric-lifecycle-events-v1 (key main)
[18:48:35] [main/DEBUG] (FabricLoader/Entrypoint) Registering new-style initializer net.fabricmc.fabric.impl.client.rendering.v0.RenderingCallbackInvoker for mod fabric-rendering-v0 (key client)
[18:48:35] [main/DEBUG] (FabricLoader/Entrypoint) Registering new-style initializer net.fabricmc.fabric.impl.event.lifecycle.v0.client.LegacyClientEventInvokers for mod fabric-events-lifecycle-v0 (key client)
[18:48:35] [main/DEBUG] (FabricLoader/Entrypoint) Registering new-style initializer net.fabricmc.fabric.impl.event.lifecycle.v0.LegacyEventInvokers for mod fabric-events-lifecycle-v0 (key main)
[18:48:35] [main/DEBUG] (FabricLoader/Entrypoint) Registering new-style initializer net.fabricmc.fabric.impl.event.interaction.InteractionEventsRouterClient for mod fabric-events-interaction-v0 (key client)
[18:48:35] [main/DEBUG] (FabricLoader/Entrypoint) Registering new-style initializer net.fabricmc.fabric.impl.event.interaction.InteractionEventsRouter for mod fabric-events-interaction-v0 (key main)
[18:48:35] [main/INFO] (FabricLoader/Mixin) SpongePowered MIXIN Subsystem Version=0.8.7 Source=file:/home/salad/.gradle/caches/modules-2/files-2.1/net.fabricmc/sponge-mixin/0.17.2+mixin.0.8.7/edf98d1d98229e46e36c61774ae2b54dcd852981/sponge-mixin-0.17.2+mixin.0.8.7.jar Service=Knot/Fabric Env=CLIENT
[18:48:35] [main/INFO] (FabricLoader/Mixin) Attempting to load Fernflower decompiler (Threaded mode)
[18:48:35] [main/INFO] (FabricLoader/Mixin) Fernflower could not be loaded, exported classes will not be decompiled. NoClassDefFoundError: org/jetbrains/java/decompiler/main/extern/IResultSaver
[18:48:35] [main/DEBUG] (FabricLoader/Mixin) Initialising Mixin Platform Manager
[18:48:35] [main/DEBUG] (FabricLoader/Mixin) Adding mixin platform agents for container ContainerHandleURI(file:///home/salad/.gradle/caches/modules-2/files-2.1/net.fabricmc/fabric-loader/0.19.2/cc647a5b22dbc49b9a3267cebcee25fc4882b108/fabric-loader-0.19.2.jar)
[18:48:35] [main/DEBUG] (FabricLoader/Mixin) Instancing new MixinPlatformAgentDefault for ContainerHandleURI(file:///home/salad/.gradle/caches/modules-2/files-2.1/net.fabricmc/fabric-loader/0.19.2/cc647a5b22dbc49b9a3267cebcee25fc4882b108/fabric-loader-0.19.2.jar)
[18:48:35] [main/DEBUG] (FabricLoader/Mixin) MixinPlatformAgentDefault accepted container ContainerHandleURI(file:///home/salad/.gradle/caches/modules-2/files-2.1/net.fabricmc/fabric-loader/0.19.2/cc647a5b22dbc49b9a3267cebcee25fc4882b108/fabric-loader-0.19.2.jar)
[18:48:35] [main/DEBUG] (FabricLoader/Mixin) Instancing new MixinPlatformAgentDefault for ContainerHandleURI(file:///home/salad/.gradle/caches/modules-2/files-2.1/net.fabricmc/fabric-loader/0.19.2/cc647a5b22dbc49b9a3267cebcee25fc4882b108/fabric-loader-0.19.2.jar)
[18:48:35] [main/DEBUG] (FabricLoader/Mixin) MixinPlatformAgentDefault accepted container ContainerHandleURI(file:///home/salad/.gradle/caches/modules-2/files-2.1/net.fabricmc/fabric-loader/0.19.2/cc647a5b22dbc49b9a3267cebcee25fc4882b108/fabric-loader-0.19.2.jar)
[18:48:35] [main/DEBUG] (FabricLoader/Mixin) Processing prepare() for PlatformAgent[MixinPlatformAgentDefault:ContainerHandleURI(file:///home/salad/.gradle/caches/modules-2/files-2.1/net.fabricmc/fabric-loader/0.19.2/cc647a5b22dbc49b9a3267cebcee25fc4882b108/fabric-loader-0.19.2.jar)]
[18:48:35] [main/DEBUG] (FabricLoader/Mixin) Processing prepare() for PlatformAgent[MixinPlatformAgentDefault:ContainerHandleURI(file:///home/salad/.gradle/caches/modules-2/files-2.1/net.fabricmc/fabric-loader/0.19.2/cc647a5b22dbc49b9a3267cebcee25fc4882b108/fabric-loader-0.19.2.jar)]
[18:48:35] [main/INFO] (FabricLoader/Mixin) Loaded Fabric development mappings for mixin remapper!
[18:48:35] [main/DEBUG] (FabricLoader/Mixin) Compatibility level JAVA_16 specified by fabric-key-binding-api-v1.mixins.json is higher than the maximum level supported by this version of mixin (JAVA_13).
[18:48:35] [main/INFO] (FabricLoader/Mixin) Compatibility level set to JAVA_16
[18:48:35] [main/DEBUG] (FabricLoader/Mixin) Mixin config fabric-key-binding-api-v1.mixins.json does not specify "minVersion" or "requiredFeatures" property
[18:48:35] [main/DEBUG] (FabricLoader/Mixin) Mixin config fabric-command-api-v2.mixins.json does not specify "minVersion" or "requiredFeatures" property
[18:48:35] [main/DEBUG] (FabricLoader/Mixin) Mixin config fabric-command-api-v2.client.mixins.json does not specify "minVersion" or "requiredFeatures" property
[18:48:35] [main/DEBUG] (FabricLoader/Mixin) Mixin config fabric-blockrenderlayer-v1.mixins.json does not specify "minVersion" or "requiredFeatures" property
[18:48:35] [main/DEBUG] (FabricLoader/Mixin) Mixin config fabric-containers-v0.mixins.json does not specify "minVersion" or "requiredFeatures" property
[18:48:35] [main/DEBUG] (FabricLoader/Mixin) Mixin config fabric-containers-v0.accurate.mixins.json does not specify "minVersion" or "requiredFeatures" property
[18:48:35] [main/DEBUG] (FabricLoader/Mixin) Mixin config fabric-gametest-api-v1.mixins.json does not specify "minVersion" or "requiredFeatures" property
[18:48:35] [main/DEBUG] (FabricLoader/Mixin) Compatibility level JAVA_17 specified by fabric-rendering-data-attachment-v1.mixins.json is higher than the maximum level supported by this version of mixin (JAVA_13).
[18:48:35] [main/INFO] (FabricLoader/Mixin) Compatibility level set to JAVA_17
[18:48:35] [main/DEBUG] (FabricLoader/Mixin) Mixin config fabric-rendering-data-attachment-v1.mixins.json does not specify "minVersion" or "requiredFeatures" property
[18:48:35] [main/DEBUG] (FabricLoader/Mixin) Mixin config fabric-rendering-data-attachment-v1.client.mixins.json does not specify "minVersion" or "requiredFeatures" property
[18:48:35] [main/DEBUG] (FabricLoader/Mixin) Compatibility level JAVA_16 specified by fabric-rendering-fluids-v1.mixins.json is higher than the maximum level supported by this version of mixin (JAVA_13).
[18:48:35] [main/DEBUG] (FabricLoader/Mixin) Mixin config fabric-rendering-fluids-v1.mixins.json does not specify "minVersion" or "requiredFeatures" property
[18:48:35] [main/ERROR] (FabricLoader) Uncaught exception in thread "main"
java.lang.RuntimeException: Error parsing or using Mixin config colorful_armor_bar.client.mixins.json for mod colorful_armor_bar
	at net.fabricmc.loader.impl.launch.FabricMixinBootstrap.init(FabricMixinBootstrap.java:95) ~[fabric-loader-0.19.2.jar:?]
	at net.fabricmc.loader.impl.launch.knot.Knot.init(Knot.java:147) ~[fabric-loader-0.19.2.jar:?]
	at net.fabricmc.loader.impl.launch.knot.Knot.launch(Knot.java:66) ~[fabric-loader-0.19.2.jar:?]
	at net.fabricmc.loader.impl.launch.knot.KnotClient.main(KnotClient.java:23) ~[fabric-loader-0.19.2.jar:?]
	at net.fabricmc.devlaunchinjector.Main.main(Main.java:86) ~[?:?]
Caused by: org.spongepowered.asm.launch.MixinInitialisationError: Error initialising mixin config colorful_armor_bar.client.mixins.json
	at org.spongepowered.asm.mixin.transformer.Config.create(Config.java:168) ~[sponge-mixin-0.17.2+mixin.0.8.7.jar:0.17.2+mixin.0.8.7]
	at org.spongepowered.asm.mixin.Mixins.createConfiguration(Mixins.java:121) ~[sponge-mixin-0.17.2+mixin.0.8.7.jar:0.17.2+mixin.0.8.7]
	at org.spongepowered.asm.mixin.Mixins.addConfiguration(Mixins.java:108) ~[sponge-mixin-0.17.2+mixin.0.8.7.jar:0.17.2+mixin.0.8.7]
	at org.spongepowered.asm.mixin.Mixins.addConfiguration(Mixins.java:98) ~[sponge-mixin-0.17.2+mixin.0.8.7.jar:0.17.2+mixin.0.8.7]
	at net.fabricmc.loader.impl.launch.FabricMixinBootstrap.init(FabricMixinBootstrap.java:93) ~[fabric-loader-0.19.2.jar:?]
	... 4 more
Caused by: java.lang.IllegalArgumentException: The specified resource 'colorful_armor_bar.client.mixins.json' was invalid or could not be read
	at org.spongepowered.asm.mixin.transformer.MixinConfig.create(MixinConfig.java:1395) ~[sponge-mixin-0.17.2+mixin.0.8.7.jar:0.17.2+mixin.0.8.7]
	at org.spongepowered.asm.mixin.transformer.Config.create(Config.java:163) ~[sponge-mixin-0.17.2+mixin.0.8.7.jar:0.17.2+mixin.0.8.7]
	at org.spongepowered.asm.mixin.Mixins.createConfiguration(Mixins.java:121) ~[sponge-mixin-0.17.2+mixin.0.8.7.jar:0.17.2+mixin.0.8.7]
	at org.spongepowered.asm.mixin.Mixins.addConfiguration(Mixins.java:108) ~[sponge-mixin-0.17.2+mixin.0.8.7.jar:0.17.2+mixin.0.8.7]
	at org.spongepowered.asm.mixin.Mixins.addConfiguration(Mixins.java:98) ~[sponge-mixin-0.17.2+mixin.0.8.7.jar:0.17.2+mixin.0.8.7]
	at net.fabricmc.loader.impl.launch.FabricMixinBootstrap.init(FabricMixinBootstrap.java:93) ~[fabric-loader-0.19.2.jar:?]
	... 4 more
